<?xml version="1.0" encoding="UTF-8"?>
<!-- Generated by org.testng.reporters.JUnitReportReporter -->
<testsuite hostname="raju-pc" failures="0" tests="6" name="TestNGFramework.LoginTestCase" time="6.039" errors="0" timestamp="2023-06-14T11:55:40 EDT" skipped="0">
  <testcase classname="TestNGFramework.LoginTestCase" name="LoginWithValidData" time="1.145"/>
  <testcase classname="TestNGFramework.LoginTestCase" name="LoginWithInValidData" time="1.360"/>
  <testcase classname="TestNGFramework.LoginTestCase" name="LoginWithValidData" time="1.036"/>
  <testcase classname="TestNGFramework.LoginTestCase" name="LoginWithInValidData" time="1.076"/>
  <testcase classname="TestNGFramework.LoginTestCase" name="LoginWithInValidData" time="0.733"/>
  <testcase classname="TestNGFramework.LoginTestCase" name="LoginWithValidData" time="0.689"/>
</testsuite> <!-- TestNGFramework.LoginTestCase -->
